<?xml version="1.0" encoding="UTF-8"?>
<testng-results skipped="0" failed="0" ignored="0" total="1" passed="1">
  <reporter-output>
  </reporter-output>
  <suite name="Default suite" duration-ms="16592" started-at="2020-03-25T23:15:17 CDT" finished-at="2020-03-25T23:15:34 CDT">
    <groups>
    </groups>
    <test name="Default test" duration-ms="16592" started-at="2020-03-25T23:15:17 CDT" finished-at="2020-03-25T23:15:34 CDT">
      <class name="com.UdemyAssignment.MavenLearningWithSelenium.mouseHoverAction">
        <test-method status="PASS" signature="mouseHover()[pri:0, instance:com.UdemyAssignment.MavenLearningWithSelenium.mouseHoverAction@63440df3]" name="mouseHover" duration-ms="16512" started-at="2020-03-25T23:15:17 CDT" finished-at="2020-03-25T23:15:34 CDT">
          <reporter-output>
          </reporter-output>
        </test-method> <!-- mouseHover -->
      </class> <!-- com.UdemyAssignment.MavenLearningWithSelenium.mouseHoverAction -->
    </test> <!-- Default test -->
  </suite> <!-- Default suite -->
</testng-results>
